INFO [2021-07-19 14:34:44] $x
INFO [2021-07-19 14:34:44] ven_3
INFO [2021-07-19 14:34:44] 
INFO [2021-07-19 14:34:44] $category.names
INFO [2021-07-19 14:34:44] c("MAT", "MAP", "CMD")
INFO [2021-07-19 14:34:44] 
INFO [2021-07-19 14:34:44] $fill
INFO [2021-07-19 14:34:44] c("yellow", "cyan", "magenta")
INFO [2021-07-19 14:34:44] 
INFO [2021-07-19 14:34:44] $main.cex
INFO [2021-07-19 14:34:44] [1] 5
INFO [2021-07-19 14:34:44] 
INFO [2021-07-19 14:34:44] $cat.cex
INFO [2021-07-19 14:34:44] [1] 0
INFO [2021-07-19 14:34:44] 
INFO [2021-07-19 14:34:44] $cex
INFO [2021-07-19 14:34:44] [1] 1.8
INFO [2021-07-19 14:34:44] 
INFO [2021-07-19 14:34:44] $fontface
INFO [2021-07-19 14:34:44] [1] "bold"
INFO [2021-07-19 14:34:44] 
INFO [2021-07-19 14:34:44] $filename
INFO [2021-07-19 14:34:44] NULL
INFO [2021-07-19 14:34:44] 
INFO [2021-07-19 14:34:44] [[9]]
INFO [2021-07-19 14:34:44] 
INFO [2021-07-19 14:34:44] 
