INFO [2023-01-24 12:34:12] $x
INFO [2023-01-24 12:34:12] ven_3
INFO [2023-01-24 12:34:12] 
INFO [2023-01-24 12:34:12] $category.names
INFO [2023-01-24 12:34:12] c("MAT", "MAP", "CMD")
INFO [2023-01-24 12:34:12] 
INFO [2023-01-24 12:34:12] $fill
INFO [2023-01-24 12:34:12] c("yellow", "blue", "pink")
INFO [2023-01-24 12:34:12] 
INFO [2023-01-24 12:34:12] $main.cex
INFO [2023-01-24 12:34:12] [1] 5
INFO [2023-01-24 12:34:12] 
INFO [2023-01-24 12:34:12] $cat.cex
INFO [2023-01-24 12:34:12] [1] 0
INFO [2023-01-24 12:34:12] 
INFO [2023-01-24 12:34:12] $cex
INFO [2023-01-24 12:34:12] [1] 1.8
INFO [2023-01-24 12:34:12] 
INFO [2023-01-24 12:34:12] $fontface
INFO [2023-01-24 12:34:12] [1] "bold"
INFO [2023-01-24 12:34:12] 
INFO [2023-01-24 12:34:12] $filename
INFO [2023-01-24 12:34:12] NULL
INFO [2023-01-24 12:34:12] 
INFO [2023-01-24 12:34:12] [[9]]
INFO [2023-01-24 12:34:12] 
INFO [2023-01-24 12:34:12] 
