INFO [2021-07-19 14:02:18] $x
INFO [2021-07-19 14:02:18] ven_3
INFO [2021-07-19 14:02:18] 
INFO [2021-07-19 14:02:18] $category.names
INFO [2021-07-19 14:02:18] c("MAT", "MAP", "CMD")
INFO [2021-07-19 14:02:18] 
INFO [2021-07-19 14:02:18] $fill
INFO [2021-07-19 14:02:18] c("yellow", "cyan", "magenta")
INFO [2021-07-19 14:02:18] 
INFO [2021-07-19 14:02:18] $main.cex
INFO [2021-07-19 14:02:18] [1] 5
INFO [2021-07-19 14:02:18] 
INFO [2021-07-19 14:02:18] $cat.cex
INFO [2021-07-19 14:02:18] [1] 0
INFO [2021-07-19 14:02:18] 
INFO [2021-07-19 14:02:18] $cex
INFO [2021-07-19 14:02:18] [1] 1.8
INFO [2021-07-19 14:02:18] 
INFO [2021-07-19 14:02:18] $fontface
INFO [2021-07-19 14:02:18] [1] "bold"
INFO [2021-07-19 14:02:18] 
INFO [2021-07-19 14:02:18] $filename
INFO [2021-07-19 14:02:18] NULL
INFO [2021-07-19 14:02:18] 
INFO [2021-07-19 14:02:18] [[9]]
INFO [2021-07-19 14:02:18] 
INFO [2021-07-19 14:02:18] 
