INFO [2023-01-24 12:25:17] $x
INFO [2023-01-24 12:25:17] ven_3
INFO [2023-01-24 12:25:17] 
INFO [2023-01-24 12:25:17] $category.names
INFO [2023-01-24 12:25:17] c("MAT", "MAP", "CMD")
INFO [2023-01-24 12:25:17] 
INFO [2023-01-24 12:25:17] $fill
INFO [2023-01-24 12:25:17] c("#F8766D", "#00BFC4", "#C77CFF")
INFO [2023-01-24 12:25:17] 
INFO [2023-01-24 12:25:17] $main.cex
INFO [2023-01-24 12:25:17] [1] 5
INFO [2023-01-24 12:25:17] 
INFO [2023-01-24 12:25:17] $cat.cex
INFO [2023-01-24 12:25:17] [1] 0
INFO [2023-01-24 12:25:17] 
INFO [2023-01-24 12:25:17] $cex
INFO [2023-01-24 12:25:17] [1] 1.8
INFO [2023-01-24 12:25:17] 
INFO [2023-01-24 12:25:17] $fontface
INFO [2023-01-24 12:25:17] [1] "bold"
INFO [2023-01-24 12:25:17] 
INFO [2023-01-24 12:25:17] $filename
INFO [2023-01-24 12:25:17] NULL
INFO [2023-01-24 12:25:17] 
INFO [2023-01-24 12:25:17] [[9]]
INFO [2023-01-24 12:25:17] 
INFO [2023-01-24 12:25:17] 
