INFO [2022-04-27 12:46:09] $x
INFO [2022-04-27 12:46:09] ven_3
INFO [2022-04-27 12:46:09] 
INFO [2022-04-27 12:46:09] $category.names
INFO [2022-04-27 12:46:09] c("MAT", "MAP", "CMD")
INFO [2022-04-27 12:46:09] 
INFO [2022-04-27 12:46:09] $fill
INFO [2022-04-27 12:46:09] c("#F8766D", "#00BFC4", "#C77CFF")
INFO [2022-04-27 12:46:09] 
INFO [2022-04-27 12:46:09] $main.cex
INFO [2022-04-27 12:46:09] [1] 5
INFO [2022-04-27 12:46:09] 
INFO [2022-04-27 12:46:09] $cat.cex
INFO [2022-04-27 12:46:09] [1] 0
INFO [2022-04-27 12:46:09] 
INFO [2022-04-27 12:46:09] $cex
INFO [2022-04-27 12:46:09] [1] 1.8
INFO [2022-04-27 12:46:09] 
INFO [2022-04-27 12:46:09] $fontface
INFO [2022-04-27 12:46:09] [1] "bold"
INFO [2022-04-27 12:46:09] 
INFO [2022-04-27 12:46:09] $filename
INFO [2022-04-27 12:46:09] NULL
INFO [2022-04-27 12:46:09] 
INFO [2022-04-27 12:46:09] [[9]]
INFO [2022-04-27 12:46:09] 
INFO [2022-04-27 12:46:09] 
