INFO [2022-04-27 12:43:20] $x
INFO [2022-04-27 12:43:20] ven_3
INFO [2022-04-27 12:43:20] 
INFO [2022-04-27 12:43:20] $category.names
INFO [2022-04-27 12:43:20] c("MAT", "MAP", "CMD")
INFO [2022-04-27 12:43:20] 
INFO [2022-04-27 12:43:20] $fill
INFO [2022-04-27 12:43:20] c("yellow", "cyan", "magenta")
INFO [2022-04-27 12:43:20] 
INFO [2022-04-27 12:43:20] $main.cex
INFO [2022-04-27 12:43:20] [1] 5
INFO [2022-04-27 12:43:20] 
INFO [2022-04-27 12:43:20] $cat.cex
INFO [2022-04-27 12:43:20] [1] 0
INFO [2022-04-27 12:43:20] 
INFO [2022-04-27 12:43:20] $cex
INFO [2022-04-27 12:43:20] [1] 1.8
INFO [2022-04-27 12:43:20] 
INFO [2022-04-27 12:43:20] $fontface
INFO [2022-04-27 12:43:20] [1] "bold"
INFO [2022-04-27 12:43:20] 
INFO [2022-04-27 12:43:20] $filename
INFO [2022-04-27 12:43:20] NULL
INFO [2022-04-27 12:43:20] 
INFO [2022-04-27 12:43:20] [[9]]
INFO [2022-04-27 12:43:20] 
INFO [2022-04-27 12:43:20] 
