INFO [2022-04-19 09:56:09] $x
INFO [2022-04-19 09:56:09] ven_3
INFO [2022-04-19 09:56:09] 
INFO [2022-04-19 09:56:09] $category.names
INFO [2022-04-19 09:56:09] c("MAT", "MAP", "CMD")
INFO [2022-04-19 09:56:09] 
INFO [2022-04-19 09:56:09] $fill
INFO [2022-04-19 09:56:09] c("yellow", "cyan", "magenta")
INFO [2022-04-19 09:56:09] 
INFO [2022-04-19 09:56:09] $main.cex
INFO [2022-04-19 09:56:09] [1] 5
INFO [2022-04-19 09:56:09] 
INFO [2022-04-19 09:56:09] $cat.cex
INFO [2022-04-19 09:56:09] [1] 0
INFO [2022-04-19 09:56:09] 
INFO [2022-04-19 09:56:09] $cex
INFO [2022-04-19 09:56:09] [1] 1.8
INFO [2022-04-19 09:56:09] 
INFO [2022-04-19 09:56:09] $fontface
INFO [2022-04-19 09:56:09] [1] "bold"
INFO [2022-04-19 09:56:09] 
INFO [2022-04-19 09:56:09] $filename
INFO [2022-04-19 09:56:09] NULL
INFO [2022-04-19 09:56:09] 
INFO [2022-04-19 09:56:09] [[9]]
INFO [2022-04-19 09:56:09] 
INFO [2022-04-19 09:56:09] 
