INFO [2021-07-25 14:20:50] $x
INFO [2021-07-25 14:20:50] ven_3
INFO [2021-07-25 14:20:50] 
INFO [2021-07-25 14:20:50] $category.names
INFO [2021-07-25 14:20:50] c("MAT", "MAP", "CMD")
INFO [2021-07-25 14:20:50] 
INFO [2021-07-25 14:20:50] $fill
INFO [2021-07-25 14:20:50] c("yellow", "cyan", "magenta")
INFO [2021-07-25 14:20:50] 
INFO [2021-07-25 14:20:50] $main.cex
INFO [2021-07-25 14:20:50] [1] 5
INFO [2021-07-25 14:20:50] 
INFO [2021-07-25 14:20:50] $cat.cex
INFO [2021-07-25 14:20:50] [1] 0
INFO [2021-07-25 14:20:50] 
INFO [2021-07-25 14:20:50] $cex
INFO [2021-07-25 14:20:50] [1] 1.8
INFO [2021-07-25 14:20:50] 
INFO [2021-07-25 14:20:50] $fontface
INFO [2021-07-25 14:20:50] [1] "bold"
INFO [2021-07-25 14:20:50] 
INFO [2021-07-25 14:20:50] $filename
INFO [2021-07-25 14:20:50] NULL
INFO [2021-07-25 14:20:50] 
INFO [2021-07-25 14:20:50] [[9]]
INFO [2021-07-25 14:20:50] 
INFO [2021-07-25 14:20:50] 
